<?xml version="1.0" encoding="UTF-8"?>
<testsuite name="Actualizar monitoreo en tiempo real de una flota con el Boton de Actualizar Informacion" tests="2" skipped="0" failures="2" errors="0" timestamp="2025-07-05T03:17:19.442Z" hostname="APOLO" time="7.723">
  <properties/>
  <testcase name="Actualizar informacion de monitoreo de una flota" classname="Actualizar monitoreo en tiempo real de una flota con el Boton de Actualizar Informacion" time="5.193">
    <failure message="java.lang.AssertionError: &#10;Expected: &lt;true&gt;&#10;     but: was &lt;false&gt;" type="java.lang.AssertionError">java.lang.AssertionError: 
Expected: &lt;true&gt;
     but: was &lt;false&gt;
	at net.serenitybdd.screenplay.ErrorTally.throwSummaryExceptionFrom(ErrorTally.java:38)
	at net.serenitybdd.screenplay.ErrorTally.reportAnyErrors(ErrorTally.java:32)
	at net.serenitybdd.screenplay.Actor.should(Actor.java:397)
	at co.edu.udea.certificacion.monitoreoyreportes.stepdefinitions.MonitoreoFlotaStepDefinition.muestraMonitoreoActualizado(MonitoreoFlotaStepDefinition.java:46)
	at ✽.deberia ver la informacion de monitoreo de flotas actualizada en tiempo real(file:///C:/Users/Atenas/Desktop/Automation/src/test/resources/features/monitoreo_flota.feature:13)
</failure>
  </testcase>
  <testcase name="Fallo en la actualizacion de monitoreo de una flota" classname="Actualizar monitoreo en tiempo real de una flota con el Boton de Actualizar Informacion" time="2.53">
    <failure message="java.lang.AssertionError: &#10;Expected: &lt;true&gt;&#10;     but: was &lt;false&gt;" type="java.lang.AssertionError">java.lang.AssertionError: 
Expected: &lt;true&gt;
     but: was &lt;false&gt;
	at net.serenitybdd.screenplay.ErrorTally.throwSummaryExceptionFrom(ErrorTally.java:38)
	at net.serenitybdd.screenplay.ErrorTally.reportAnyErrors(ErrorTally.java:32)
	at net.serenitybdd.screenplay.Actor.should(Actor.java:397)
	at co.edu.udea.certificacion.monitoreoyreportes.stepdefinitions.MonitoreoFlotaStepDefinition.mensajeFalloActualizacion(MonitoreoFlotaStepDefinition.java:51)
	at ✽.deberia ver un mensaje indicando que la informacion no pudo ser actualizada(file:///C:/Users/Atenas/Desktop/Automation/src/test/resources/features/monitoreo_flota.feature:18)
</failure>
  </testcase>
  <system-out><![CDATA[]]></system-out>
  <system-err><![CDATA[[Test worker] INFO  - 
  _____   ___   ___   _____     ___   _____     _     ___   _____   ___   ___  
 |_   _| | __| / __| |_   _|   / __| |_   _|   /_\   | _ \ |_   _| | __| |   \ 
   | |   | _|  \__ \   | |     \__ \   | |    / _ \  |   /   | |   | _|  | |) |
   |_|   |___| |___/   |_|     |___/   |_|   /_/ \_\ |_|_\   |_|   |___| |___/ 

Actualizar informacion de monitoreo de una flota(actualizar-monitoreo-en-tiempo-real-de-una-flota-con-el-boton-de-actualizar-informacion;actualizar-informacion-de-monitoreo-de-una-flota)
--------------------------------------------------------------------------------
[Test worker] INFO net.serenitybdd.core.webdriver.driverproviders.ChromeDriverProvider - Starting Chrome driver instance with capabilities:
[Test worker] INFO net.serenitybdd.core.webdriver.driverproviders.ChromeDriverProvider - Capabilities {acceptInsecureCerts: true, browserName: chrome, goog:chromeOptions: {args: [--start-maximized, --test-type, --no-sandbox, --ignore-certificate-errors, \n                   --disa..., --disable-default-apps, --disable-extensions-file-a..., \n                   --inco..., --disable-infobars,--disabl..., --remote-allow-origins=*], extensions: []}}
jul 04, 2025 10:17:20 P. M. org.openqa.selenium.devtools.CdpVersionFinder findNearestMatch
WARNING: Unable to find CDP implementation matching 138
jul 04, 2025 10:17:20 P. M. org.openqa.selenium.chromium.ChromiumDriver lambda$new$5
WARNING: Unable to find version of CDP to use for 138.0.7204.97. You may need to include a dependency on a specific version of the CDP using something similar to `org.seleniumhq.selenium:selenium-devtools-v86:4.16.1` where the version ("v86") matches the version of the chromium-based browser you're using and the version number of the artifact is the same as Selenium's.
[Test worker] ERROR  - ?[91m
  _____   ___   ___   _____     ___     _     ___   _      ___   ___  
 |_   _| | __| / __| |_   _|   | __|   /_\   |_ _| | |    | __| |   \ 
   | |   | _|  \__ \   | |     | _|   / _ \   | |  | |__  | _|  | |) |
   |_|   |___| |___/   |_|     |_|   /_/ \_\ |___| |____| |___| |___/ 

Actualizar informacion de monitoreo de una flota
-----------------------------------------------------------------------?[0m
[Test worker] ERROR  - ?[91m    Test failed at step: Then validation monitoreo actualizado should be (true)?[0m
[Test worker] ERROR  - ?[91m    Expected: <true> but: was <false>?[0m
[Test worker] INFO  - 
  _____   ___   ___   _____     ___   _____     _     ___   _____   ___   ___  
 |_   _| | __| / __| |_   _|   / __| |_   _|   /_\   | _ \ |_   _| | __| |   \ 
   | |   | _|  \__ \   | |     \__ \   | |    / _ \  |   /   | |   | _|  | |) |
   |_|   |___| |___/   |_|     |___/   |_|   /_/ \_\ |_|_\   |_|   |___| |___/ 

Fallo en la actualizacion de monitoreo de una flota(actualizar-monitoreo-en-tiempo-real-de-una-flota-con-el-boton-de-actualizar-informacion;fallo-en-la-actualizacion-de-monitoreo-de-una-flota)
--------------------------------------------------------------------------------
[Test worker] ERROR  - ?[91m
  _____   ___   ___   _____     ___     _     ___   _      ___   ___  
 |_   _| | __| / __| |_   _|   | __|   /_\   |_ _| | |    | __| |   \ 
   | |   | _|  \__ \   | |     | _|   / _ \   | |  | |__  | _|  | |) |
   |_|   |___| |___/   |_|     |_|   /_/ \_\ |___| |____| |___| |___/ 

Fallo en la actualizacion de monitoreo de una flota
-----------------------------------------------------------------------?[0m
[Test worker] ERROR  - ?[91m    Test failed at step: Then validation no data monitoreo should be (true)?[0m
[Test worker] ERROR  - ?[91m    Expected: <true> but: was <false>?[0m
]]></system-err>
</testsuite>
